<?xml version="1.0" encoding="UTF-8"?>
<!-- Generated by org.testng.reporters.JUnitXMLReporter -->
<testsuite hostname="GISBIZ-LTP-85" ignored="0" name="Default test" tests="3" failures="0" timestamp="09 Aug 2018 13:29:25 GMT" time="69.595" errors="0">
  <testcase name="createLead" time="7.692" classname="reportsTestday6.CreateLead"/>
  <testcase name="createLead" time="4.698" classname="reportsTestday6.CreateLead"/>
  <testcase name="createLead" time="9.048" classname="reportsTestday6.CreateLead"/>
</testsuite> <!-- Default test -->
